Initialize engine version: 2018.2.2f1 (c18cef34cbcd)
GfxDevice: creating device client; threaded=1
Direct3D:
    Version:  Direct3D 11.0 [level 11.1]
    Renderer: NVIDIA GeForce GTX 1070 (ID=0x1b81)
    Vendor:   (null)
    VRAM:     3072 MB
    Driver:   23.21.13.8813
Begin MonoManager ReloadAssembly
- Completed reload, in  0.082 seconds
<RI> Initializing input.
<RI> Input initialized.
<RI> Initialized touch support.
UnloadTime: 0.450103 ms
Command line build/worker/UnityClient@Windows/UnityClient@Windows.exe +assemblyName local_assembly +workerType UnityClient +infraServicesUrl http://127.0.0.1:21000 +projectName beta_equal_maryland_906 -logfile external-default-unityclient.log
 
(Filename: C:\buildslave\unity\build\Runtime/Export/Debug.bindings.h Line: 43)

WorkerConfiguration settings
AppName = 
ProjectName = beta_equal_maryland_906
AssemblyName = local_assembly
DeploymentId = 
DeploymentTag = prod
EngineId = UnityClienta50af3d1-d566-45ab-b312-88d5c88c388b
EnginePlatform = UnityClient
WorkerId = UnityClienta50af3d1-d566-45ab-b312-88d5c88c388b
WorkerPlatform = UnityClient
EntityCreationLimitPerFrame = 100
InfraServiceUrl = http://127.0.0.1:21000
LocatorHost = locator.improbable.io
ReceptionistHost = 127.0.0.1
ReceptionistPort = 7777
LinkProtocol = RakNet
LoginToken = 
ProtocolLoggingOnStartup = False
ProtocolLogPrefix = protocol-
ProtocolLogMaxFileBytes = 104857600
RaknetHeartbeatTimeoutMillis = 60000
ReceiveQueueCapacity = 32768
SendQueueCapacity = 16384
ShowDebugTraces = False
SteamToken = 
TcpMultiplexLevel = 32
UseExternalIp = True
UseInstrumentation = False
UsePerInstanceAssetCache = False
UsePrefabPooling = False
LogDebugToSpatialOs = False
LogAssertToSpatialOs = False
LogWarningToSpatialOs = True
LogErrorToSpatialOs = True
LogExceptionToSpatialOs = True

 
(Filename: C:\buildslave\unity\build\Runtime/Export/Debug.bindings.h Line: 43)

Setting up 4 worker threads for Enlighten.
  Thread -> id: 838 -> priority: 1 
  Thread -> id: 231c -> priority: 1 
  Thread -> id: 3008 -> priority: 1 
  Thread -> id: 2578 -> priority: 1 
ClientMetrics OS=Windows 10  (10.0.0) 64bit.
Processor: type Intel(R) Core(TM) i7-6700 CPU @ 3.40GHz, cores 8.
Graphics: id 7041, vendor 4318, name NVIDIA GeForce GTX 1070, size 3072.
Memory: 16323.
 
(Filename: C:\buildslave\unity\build\Runtime/Export/Debug.bindings.h Line: 43)

Incorrect client movement. Distance: 17318.78, timestamp: 0
 
(Filename: C:\buildslave\unity\build\Runtime/Export/Debug.bindings.h Line: 43)

Error sending client seen new collision update: timed out locally
 
(Filename: C:\buildslave\unity\build\Runtime/Export/Debug.bindings.h Line: 43)

Error sending client seen new collision update: timed out locally
 
(Filename: C:\buildslave\unity\build\Runtime/Export/Debug.bindings.h Line: 43)

Error sending client seen new collision update: timed out locally
 
(Filename: C:\buildslave\unity\build\Runtime/Export/Debug.bindings.h Line: 43)

Error sending client seen new collision update: timed out locally
 
(Filename: C:\buildslave\unity\build\Runtime/Export/Debug.bindings.h Line: 43)

Error sending client seen new collision update: timed out locally
 
(Filename: C:\buildslave\unity\build\Runtime/Export/Debug.bindings.h Line: 43)

Error sending client seen new collision update: timed out locally
 
(Filename: C:\buildslave\unity\build\Runtime/Export/Debug.bindings.h Line: 43)

Error sending client seen new collision update: timed out locally
 
(Filename: C:\buildslave\unity\build\Runtime/Export/Debug.bindings.h Line: 43)

Error sending client seen new collision update: timed out locally
 
(Filename: C:\buildslave\unity\build\Runtime/Export/Debug.bindings.h Line: 43)

Error sending client seen new collision update: timed out locally
 
(Filename: C:\buildslave\unity\build\Runtime/Export/Debug.bindings.h Line: 43)

Error sending client seen new collision update: timed out locally
 
(Filename: C:\buildslave\unity\build\Runtime/Export/Debug.bindings.h Line: 43)

Error sending client seen new collision update: timed out locally
 
(Filename: C:\buildslave\unity\build\Runtime/Export/Debug.bindings.h Line: 43)

Error sending client seen new collision update: timed out locally
 
(Filename: C:\buildslave\unity\build\Runtime/Export/Debug.bindings.h Line: 43)

Error sending client seen new collision update: timed out locally
 
(Filename: C:\buildslave\unity\build\Runtime/Export/Debug.bindings.h Line: 43)

Error sending client seen new collision update: timed out locally
 
(Filename: C:\buildslave\unity\build\Runtime/Export/Debug.bindings.h Line: 43)

Error sending client seen new collision update: timed out locally
 
(Filename: C:\buildslave\unity\build\Runtime/Export/Debug.bindings.h Line: 43)

Error sending client seen new collision update: timed out locally
 
(Filename: C:\buildslave\unity\build\Runtime/Export/Debug.bindings.h Line: 43)

Error sending client seen new collision update: timed out locally
 
(Filename: C:\buildslave\unity\build\Runtime/Export/Debug.bindings.h Line: 43)

Error sending client seen new collision update: timed out locally
 
(Filename: C:\buildslave\unity\build\Runtime/Export/Debug.bindings.h Line: 43)

Error sending client seen new collision update: timed out locally
 
(Filename: C:\buildslave\unity\build\Runtime/Export/Debug.bindings.h Line: 43)

Error sending client seen new collision update: timed out locally
 
(Filename: C:\buildslave\unity\build\Runtime/Export/Debug.bindings.h Line: 43)

Error sending client seen new collision update: timed out locally
 
(Filename: C:\buildslave\unity\build\Runtime/Export/Debug.bindings.h Line: 43)

Error sending client seen new collision update: timed out locally
 
(Filename: C:\buildslave\unity\build\Runtime/Export/Debug.bindings.h Line: 43)

Error sending client seen new collision update: timed out locally
 
(Filename: C:\buildslave\unity\build\Runtime/Export/Debug.bindings.h Line: 43)

Error sending client seen new collision update: timed out locally
 
(Filename: C:\buildslave\unity\build\Runtime/Export/Debug.bindings.h Line: 43)

Error sending client seen new collision update: timed out locally
 
(Filename: C:\buildslave\unity\build\Runtime/Export/Debug.bindings.h Line: 43)

Error sending client seen new collision update: timed out locally
 
(Filename: C:\buildslave\unity\build\Runtime/Export/Debug.bindings.h Line: 43)

Error sending client seen new collision update: timed out locally
 
(Filename: C:\buildslave\unity\build\Runtime/Export/Debug.bindings.h Line: 43)

Error sending client seen new collision update: timed out locally
 
(Filename: C:\buildslave\unity\build\Runtime/Export/Debug.bindings.h Line: 43)

Error sending client seen new collision update: timed out locally
 
(Filename: C:\buildslave\unity\build\Runtime/Export/Debug.bindings.h Line: 43)

Error sending client seen new collision update: timed out locally
 
(Filename: C:\buildslave\unity\build\Runtime/Export/Debug.bindings.h Line: 43)

Error sending client seen new collision update: timed out locally
 
(Filename: C:\buildslave\unity\build\Runtime/Export/Debug.bindings.h Line: 43)

Error sending client seen new collision update: timed out locally
 
(Filename: C:\buildslave\unity\build\Runtime/Export/Debug.bindings.h Line: 43)

Error sending client seen new collision update: timed out locally
 
(Filename: C:\buildslave\unity\build\Runtime/Export/Debug.bindings.h Line: 43)

Error sending client seen new collision update: timed out locally
 
(Filename: C:\buildslave\unity\build\Runtime/Export/Debug.bindings.h Line: 43)

Error sending client seen new collision update: timed out locally
 
(Filename: C:\buildslave\unity\build\Runtime/Export/Debug.bindings.h Line: 43)

Error sending client seen new collision update: timed out locally
 
(Filename: C:\buildslave\unity\build\Runtime/Export/Debug.bindings.h Line: 43)

Error sending client seen new collision update: timed out locally
 
(Filename: C:\buildslave\unity\build\Runtime/Export/Debug.bindings.h Line: 43)

Error sending client seen new collision update: timed out locally
 
(Filename: C:\buildslave\unity\build\Runtime/Export/Debug.bindings.h Line: 43)

Error sending client seen new collision update: timed out locally
 
(Filename: C:\buildslave\unity\build\Runtime/Export/Debug.bindings.h Line: 43)

Error sending client seen new collision update: timed out locally
 
(Filename: C:\buildslave\unity\build\Runtime/Export/Debug.bindings.h Line: 43)

Error sending client seen new collision update: timed out locally
 
(Filename: C:\buildslave\unity\build\Runtime/Export/Debug.bindings.h Line: 43)

Error sending client seen new collision update: timed out locally
 
(Filename: C:\buildslave\unity\build\Runtime/Export/Debug.bindings.h Line: 43)

Error sending client seen new collision update: timed out locally
 
(Filename: C:\buildslave\unity\build\Runtime/Export/Debug.bindings.h Line: 43)

Error sending client seen new collision update: timed out locally
 
(Filename: C:\buildslave\unity\build\Runtime/Export/Debug.bindings.h Line: 43)

Error sending client seen new collision update: timed out locally
 
(Filename: C:\buildslave\unity\build\Runtime/Export/Debug.bindings.h Line: 43)

Error sending client seen new collision update: timed out locally
 
(Filename: C:\buildslave\unity\build\Runtime/Export/Debug.bindings.h Line: 43)

Error sending client seen new collision update: timed out locally
 
(Filename: C:\buildslave\unity\build\Runtime/Export/Debug.bindings.h Line: 43)

Error sending client seen new collision update: timed out locally
 
(Filename: C:\buildslave\unity\build\Runtime/Export/Debug.bindings.h Line: 43)

Error sending client seen new collision update: timed out locally
 
(Filename: C:\buildslave\unity\build\Runtime/Export/Debug.bindings.h Line: 43)

Error sending client seen new collision update: timed out locally
 
(Filename: C:\buildslave\unity\build\Runtime/Export/Debug.bindings.h Line: 43)

Error sending client seen new collision update: timed out locally
 
(Filename: C:\buildslave\unity\build\Runtime/Export/Debug.bindings.h Line: 43)

Error sending client seen new collision update: timed out locally
 
(Filename: C:\buildslave\unity\build\Runtime/Export/Debug.bindings.h Line: 43)

Error sending client seen new collision update: timed out locally
 
(Filename: C:\buildslave\unity\build\Runtime/Export/Debug.bindings.h Line: 43)

Error sending client seen new collision update: timed out locally
 
(Filename: C:\buildslave\unity\build\Runtime/Export/Debug.bindings.h Line: 43)

Error sending client seen new collision update: timed out locally
 
(Filename: C:\buildslave\unity\build\Runtime/Export/Debug.bindings.h Line: 43)

Error sending client seen new collision update: timed out locally
 
(Filename: C:\buildslave\unity\build\Runtime/Export/Debug.bindings.h Line: 43)

Error sending client seen new collision update: timed out locally
 
(Filename: C:\buildslave\unity\build\Runtime/Export/Debug.bindings.h Line: 43)

Error sending client seen new collision update: timed out locally
 
(Filename: C:\buildslave\unity\build\Runtime/Export/Debug.bindings.h Line: 43)

Error sending client seen new collision update: timed out locally
 
(Filename: C:\buildslave\unity\build\Runtime/Export/Debug.bindings.h Line: 43)

Error sending client seen new collision update: timed out locally
 
(Filename: C:\buildslave\unity\build\Runtime/Export/Debug.bindings.h Line: 43)

Error sending client seen new collision update: timed out locally
 
(Filename: C:\buildslave\unity\build\Runtime/Export/Debug.bindings.h Line: 43)

Error sending client seen new collision update: timed out locally
 
(Filename: C:\buildslave\unity\build\Runtime/Export/Debug.bindings.h Line: 43)

Error sending client seen new collision update: timed out locally
 
(Filename: C:\buildslave\unity\build\Runtime/Export/Debug.bindings.h Line: 43)

Error sending client seen new collision update: timed out locally
 
(Filename: C:\buildslave\unity\build\Runtime/Export/Debug.bindings.h Line: 43)

Error sending client seen new collision update: timed out locally
 
(Filename: C:\buildslave\unity\build\Runtime/Export/Debug.bindings.h Line: 43)

Error sending client seen new collision update: timed out locally
 
(Filename: C:\buildslave\unity\build\Runtime/Export/Debug.bindings.h Line: 43)

Error sending client seen new collision update: timed out locally
 
(Filename: C:\buildslave\unity\build\Runtime/Export/Debug.bindings.h Line: 43)

Error sending client seen new collision update: timed out locally
 
(Filename: C:\buildslave\unity\build\Runtime/Export/Debug.bindings.h Line: 43)

Error sending client seen new collision update: timed out locally
 
(Filename: C:\buildslave\unity\build\Runtime/Export/Debug.bindings.h Line: 43)

Error sending client seen new collision update: timed out locally
 
(Filename: C:\buildslave\unity\build\Runtime/Export/Debug.bindings.h Line: 43)

Error sending client seen new collision update: timed out locally
 
(Filename: C:\buildslave\unity\build\Runtime/Export/Debug.bindings.h Line: 43)

Error sending client seen new collision update: timed out locally
 
(Filename: C:\buildslave\unity\build\Runtime/Export/Debug.bindings.h Line: 43)

Error sending client seen new collision update: timed out locally
 
(Filename: C:\buildslave\unity\build\Runtime/Export/Debug.bindings.h Line: 43)

Error sending client seen new collision update: timed out locally
 
(Filename: C:\buildslave\unity\build\Runtime/Export/Debug.bindings.h Line: 43)

Error sending client seen new collision update: timed out locally
 
(Filename: C:\buildslave\unity\build\Runtime/Export/Debug.bindings.h Line: 43)

Error sending client seen new collision update: timed out locally
 
(Filename: C:\buildslave\unity\build\Runtime/Export/Debug.bindings.h Line: 43)

Error sending client seen new collision update: timed out locally
 
(Filename: C:\buildslave\unity\build\Runtime/Export/Debug.bindings.h Line: 43)

Error sending client seen new collision update: timed out locally
 
(Filename: C:\buildslave\unity\build\Runtime/Export/Debug.bindings.h Line: 43)

Error sending client seen new collision update: timed out locally
 
(Filename: C:\buildslave\unity\build\Runtime/Export/Debug.bindings.h Line: 43)

Error sending client seen new collision update: timed out locally
 
(Filename: C:\buildslave\unity\build\Runtime/Export/Debug.bindings.h Line: 43)

Error sending client seen new collision update: timed out locally
 
(Filename: C:\buildslave\unity\build\Runtime/Export/Debug.bindings.h Line: 43)

Error sending client seen new collision update: timed out locally
 
(Filename: C:\buildslave\unity\build\Runtime/Export/Debug.bindings.h Line: 43)

Error sending client seen new collision update: timed out locally
 
(Filename: C:\buildslave\unity\build\Runtime/Export/Debug.bindings.h Line: 43)

Error sending client seen new collision update: timed out locally
 
(Filename: C:\buildslave\unity\build\Runtime/Export/Debug.bindings.h Line: 43)

Error sending client seen new collision update: timed out locally
 
(Filename: C:\buildslave\unity\build\Runtime/Export/Debug.bindings.h Line: 43)

Error sending client seen new collision update: timed out locally
 
(Filename: C:\buildslave\unity\build\Runtime/Export/Debug.bindings.h Line: 43)

Error sending client seen new collision update: timed out locally
 
(Filename: C:\buildslave\unity\build\Runtime/Export/Debug.bindings.h Line: 43)

Error sending client seen new collision update: timed out locally
 
(Filename: C:\buildslave\unity\build\Runtime/Export/Debug.bindings.h Line: 43)

Error sending client seen new collision update: timed out locally
 
(Filename: C:\buildslave\unity\build\Runtime/Export/Debug.bindings.h Line: 43)

Error sending client seen new collision update: timed out locally
 
(Filename: C:\buildslave\unity\build\Runtime/Export/Debug.bindings.h Line: 43)

Error sending client seen new collision update: timed out locally
 
(Filename: C:\buildslave\unity\build\Runtime/Export/Debug.bindings.h Line: 43)

Error sending client seen new collision update: timed out locally
 
(Filename: C:\buildslave\unity\build\Runtime/Export/Debug.bindings.h Line: 43)

Error sending client seen new collision update: timed out locally
 
(Filename: C:\buildslave\unity\build\Runtime/Export/Debug.bindings.h Line: 43)

Error sending client seen new collision update: timed out locally
 
(Filename: C:\buildslave\unity\build\Runtime/Export/Debug.bindings.h Line: 43)

Error sending client seen new collision update: timed out locally
 
(Filename: C:\buildslave\unity\build\Runtime/Export/Debug.bindings.h Line: 43)

Error sending client seen new collision update: timed out locally
 
(Filename: C:\buildslave\unity\build\Runtime/Export/Debug.bindings.h Line: 43)

Error sending client seen new collision update: timed out locally
 
(Filename: C:\buildslave\unity\build\Runtime/Export/Debug.bindings.h Line: 43)

Error sending client seen new collision update: timed out locally
 
(Filename: C:\buildslave\unity\build\Runtime/Export/Debug.bindings.h Line: 43)

Error sending client seen new collision update: timed out locally
 
(Filename: C:\buildslave\unity\build\Runtime/Export/Debug.bindings.h Line: 43)

Error sending client seen new collision update: timed out locally
 
(Filename: C:\buildslave\unity\build\Runtime/Export/Debug.bindings.h Line: 43)

Error sending client seen new collision update: timed out locally
 
(Filename: C:\buildslave\unity\build\Runtime/Export/Debug.bindings.h Line: 43)

Error sending client seen new collision update: timed out locally
 
(Filename: C:\buildslave\unity\build\Runtime/Export/Debug.bindings.h Line: 43)

Error sending client seen new collision update: timed out locally
 
(Filename: C:\buildslave\unity\build\Runtime/Export/Debug.bindings.h Line: 43)

Error sending client seen new collision update: timed out locally
 
(Filename: C:\buildslave\unity\build\Runtime/Export/Debug.bindings.h Line: 43)

Error sending client seen new collision update: timed out locally
 
(Filename: C:\buildslave\unity\build\Runtime/Export/Debug.bindings.h Line: 43)

Error sending client seen new collision update: timed out locally
 
(Filename: C:\buildslave\unity\build\Runtime/Export/Debug.bindings.h Line: 43)

Error sending client seen new collision update: timed out locally
 
(Filename: C:\buildslave\unity\build\Runtime/Export/Debug.bindings.h Line: 43)

Error sending client seen new collision update: timed out locally
 
(Filename: C:\buildslave\unity\build\Runtime/Export/Debug.bindings.h Line: 43)

Error sending client seen new collision update: timed out locally
 
(Filename: C:\buildslave\unity\build\Runtime/Export/Debug.bindings.h Line: 43)

Error sending client seen new collision update: timed out locally
 
(Filename: C:\buildslave\unity\build\Runtime/Export/Debug.bindings.h Line: 43)

Error sending client seen new collision update: timed out locally
 
(Filename: C:\buildslave\unity\build\Runtime/Export/Debug.bindings.h Line: 43)

Error sending client seen new collision update: timed out locally
 
(Filename: C:\buildslave\unity\build\Runtime/Export/Debug.bindings.h Line: 43)

Error sending client seen new collision update: timed out locally
 
(Filename: C:\buildslave\unity\build\Runtime/Export/Debug.bindings.h Line: 43)

Error sending client seen new collision update: timed out locally
 
(Filename: C:\buildslave\unity\build\Runtime/Export/Debug.bindings.h Line: 43)

Error sending client seen new collision update: timed out locally
 
(Filename: C:\buildslave\unity\build\Runtime/Export/Debug.bindings.h Line: 43)

Error sending client seen new collision update: timed out locally
 
(Filename: C:\buildslave\unity\build\Runtime/Export/Debug.bindings.h Line: 43)

Error sending client seen new collision update: timed out locally
 
(Filename: C:\buildslave\unity\build\Runtime/Export/Debug.bindings.h Line: 43)

Error sending client seen new collision update: timed out locally
 
(Filename: C:\buildslave\unity\build\Runtime/Export/Debug.bindings.h Line: 43)

Error sending client seen new collision update: timed out locally
 
(Filename: C:\buildslave\unity\build\Runtime/Export/Debug.bindings.h Line: 43)

Error sending client seen new collision update: timed out locally
 
(Filename: C:\buildslave\unity\build\Runtime/Export/Debug.bindings.h Line: 43)

Error sending client seen new collision update: timed out locally
 
(Filename: C:\buildslave\unity\build\Runtime/Export/Debug.bindings.h Line: 43)

Error sending client seen new collision update: timed out locally
 
(Filename: C:\buildslave\unity\build\Runtime/Export/Debug.bindings.h Line: 43)

Error sending client seen new collision update: timed out locally
 
(Filename: C:\buildslave\unity\build\Runtime/Export/Debug.bindings.h Line: 43)

Error sending client seen new collision update: timed out locally
 
(Filename: C:\buildslave\unity\build\Runtime/Export/Debug.bindings.h Line: 43)

Error sending client seen new collision update: timed out locally
 
(Filename: C:\buildslave\unity\build\Runtime/Export/Debug.bindings.h Line: 43)

Error sending client seen new collision update: timed out locally
 
(Filename: C:\buildslave\unity\build\Runtime/Export/Debug.bindings.h Line: 43)

Error sending client seen new collision update: timed out locally
 
(Filename: C:\buildslave\unity\build\Runtime/Export/Debug.bindings.h Line: 43)

Error sending client seen new collision update: timed out locally
 
(Filename: C:\buildslave\unity\build\Runtime/Export/Debug.bindings.h Line: 43)

Error sending client seen new collision update: timed out locally
 
(Filename: C:\buildslave\unity\build\Runtime/Export/Debug.bindings.h Line: 43)

Error sending client seen new collision update: timed out locally
 
(Filename: C:\buildslave\unity\build\Runtime/Export/Debug.bindings.h Line: 43)

Error sending client seen new collision update: timed out locally
 
(Filename: C:\buildslave\unity\build\Runtime/Export/Debug.bindings.h Line: 43)

Error sending client seen new collision update: timed out locally
 
(Filename: C:\buildslave\unity\build\Runtime/Export/Debug.bindings.h Line: 43)

Error sending client seen new collision update: timed out locally
 
(Filename: C:\buildslave\unity\build\Runtime/Export/Debug.bindings.h Line: 43)

Error sending client seen new collision update: timed out locally
 
(Filename: C:\buildslave\unity\build\Runtime/Export/Debug.bindings.h Line: 43)

Error sending client seen new collision update: timed out locally
 
(Filename: C:\buildslave\unity\build\Runtime/Export/Debug.bindings.h Line: 43)

Error sending client seen new collision update: timed out locally
 
(Filename: C:\buildslave\unity\build\Runtime/Export/Debug.bindings.h Line: 43)

Error sending client seen new collision update: timed out locally
 
(Filename: C:\buildslave\unity\build\Runtime/Export/Debug.bindings.h Line: 43)

Error sending client seen new collision update: timed out locally
 
(Filename: C:\buildslave\unity\build\Runtime/Export/Debug.bindings.h Line: 43)

Error sending client seen new collision update: timed out locally
 
(Filename: C:\buildslave\unity\build\Runtime/Export/Debug.bindings.h Line: 43)

Error sending client seen new collision update: timed out locally
 
(Filename: C:\buildslave\unity\build\Runtime/Export/Debug.bindings.h Line: 43)

Error sending client seen new collision update: timed out locally
 
(Filename: C:\buildslave\unity\build\Runtime/Export/Debug.bindings.h Line: 43)

Error sending client seen new collision update: timed out locally
 
(Filename: C:\buildslave\unity\build\Runtime/Export/Debug.bindings.h Line: 43)

Error sending client seen new collision update: timed out locally
 
(Filename: C:\buildslave\unity\build\Runtime/Export/Debug.bindings.h Line: 43)

Error sending client seen new collision update: timed out locally
 
(Filename: C:\buildslave\unity\build\Runtime/Export/Debug.bindings.h Line: 43)

Error sending client seen new collision update: timed out locally
 
(Filename: C:\buildslave\unity\build\Runtime/Export/Debug.bindings.h Line: 43)

Error sending client seen new collision update: timed out locally
 
(Filename: C:\buildslave\unity\build\Runtime/Export/Debug.bindings.h Line: 43)

Error sending client seen new collision update: timed out locally
 
(Filename: C:\buildslave\unity\build\Runtime/Export/Debug.bindings.h Line: 43)

Error sending client seen new collision update: timed out locally
 
(Filename: C:\buildslave\unity\build\Runtime/Export/Debug.bindings.h Line: 43)

Error sending client seen new collision update: timed out locally
 
(Filename: C:\buildslave\unity\build\Runtime/Export/Debug.bindings.h Line: 43)

Error sending client seen new collision update: timed out locally
 
(Filename: C:\buildslave\unity\build\Runtime/Export/Debug.bindings.h Line: 43)

Error sending client seen new collision update: timed out locally
 
(Filename: C:\buildslave\unity\build\Runtime/Export/Debug.bindings.h Line: 43)

Error sending client seen new collision update: timed out locally
 
(Filename: C:\buildslave\unity\build\Runtime/Export/Debug.bindings.h Line: 43)

Error sending client seen new collision update: timed out locally
 
(Filename: C:\buildslave\unity\build\Runtime/Export/Debug.bindings.h Line: 43)

Error sending client seen new collision update: timed out locally
 
(Filename: C:\buildslave\unity\build\Runtime/Export/Debug.bindings.h Line: 43)

Error sending client seen new collision update: timed out locally
 
(Filename: C:\buildslave\unity\build\Runtime/Export/Debug.bindings.h Line: 43)

Error sending client seen new collision update: timed out locally
 
(Filename: C:\buildslave\unity\build\Runtime/Export/Debug.bindings.h Line: 43)

Error sending client seen new collision update: timed out locally
 
(Filename: C:\buildslave\unity\build\Runtime/Export/Debug.bindings.h Line: 43)

Error sending client seen new collision update: timed out locally
 
(Filename: C:\buildslave\unity\build\Runtime/Export/Debug.bindings.h Line: 43)

Error sending client seen new collision update: timed out locally
 
(Filename: C:\buildslave\unity\build\Runtime/Export/Debug.bindings.h Line: 43)

Error sending client seen new collision update: timed out locally
 
(Filename: C:\buildslave\unity\build\Runtime/Export/Debug.bindings.h Line: 43)

Error sending client seen new collision update: timed out locally
 
(Filename: C:\buildslave\unity\build\Runtime/Export/Debug.bindings.h Line: 43)

Error sending client seen new collision update: timed out locally
 
(Filename: C:\buildslave\unity\build\Runtime/Export/Debug.bindings.h Line: 43)

Error sending client seen new collision update: timed out locally
 
(Filename: C:\buildslave\unity\build\Runtime/Export/Debug.bindings.h Line: 43)

Error sending client seen new collision update: timed out locally
 
(Filename: C:\buildslave\unity\build\Runtime/Export/Debug.bindings.h Line: 43)

Error sending client seen new collision update: timed out locally
 
(Filename: C:\buildslave\unity\build\Runtime/Export/Debug.bindings.h Line: 43)

Error sending client seen new collision update: timed out locally
 
(Filename: C:\buildslave\unity\build\Runtime/Export/Debug.bindings.h Line: 43)

Error sending client seen new collision update: timed out locally
 
(Filename: C:\buildslave\unity\build\Runtime/Export/Debug.bindings.h Line: 43)

Error sending client seen new collision update: timed out locally
 
(Filename: C:\buildslave\unity\build\Runtime/Export/Debug.bindings.h Line: 43)

Error sending client seen new collision update: timed out locally
 
(Filename: C:\buildslave\unity\build\Runtime/Export/Debug.bindings.h Line: 43)

Error sending client seen new collision update: timed out locally
 
(Filename: C:\buildslave\unity\build\Runtime/Export/Debug.bindings.h Line: 43)

Error sending client seen new collision update: timed out locally
 
(Filename: C:\buildslave\unity\build\Runtime/Export/Debug.bindings.h Line: 43)

Error sending client seen new collision update: timed out locally
 
(Filename: C:\buildslave\unity\build\Runtime/Export/Debug.bindings.h Line: 43)

Error sending client seen new collision update: timed out locally
 
(Filename: C:\buildslave\unity\build\Runtime/Export/Debug.bindings.h Line: 43)

Error sending client seen new collision update: timed out locally
 
(Filename: C:\buildslave\unity\build\Runtime/Export/Debug.bindings.h Line: 43)

Error sending client seen new collision update: timed out locally
 
(Filename: C:\buildslave\unity\build\Runtime/Export/Debug.bindings.h Line: 43)

Error sending client seen new collision update: timed out locally
 
(Filename: C:\buildslave\unity\build\Runtime/Export/Debug.bindings.h Line: 43)

Error sending client seen new collision update: timed out locally
 
(Filename: C:\buildslave\unity\build\Runtime/Export/Debug.bindings.h Line: 43)

Error sending client seen new collision update: timed out locally
 
(Filename: C:\buildslave\unity\build\Runtime/Export/Debug.bindings.h Line: 43)

Error sending client seen new collision update: timed out locally
 
(Filename: C:\buildslave\unity\build\Runtime/Export/Debug.bindings.h Line: 43)

Error sending client seen new collision update: timed out locally
 
(Filename: C:\buildslave\unity\build\Runtime/Export/Debug.bindings.h Line: 43)

Error sending client seen new collision update: timed out locally
 
(Filename: C:\buildslave\unity\build\Runtime/Export/Debug.bindings.h Line: 43)

Error sending client seen new collision update: timed out locally
 
(Filename: C:\buildslave\unity\build\Runtime/Export/Debug.bindings.h Line: 43)

Error sending client seen new collision update: timed out locally
 
(Filename: C:\buildslave\unity\build\Runtime/Export/Debug.bindings.h Line: 43)

Error sending client seen new collision update: timed out locally
 
(Filename: C:\buildslave\unity\build\Runtime/Export/Debug.bindings.h Line: 43)

Error sending client seen new collision update: timed out locally
 
(Filename: C:\buildslave\unity\build\Runtime/Export/Debug.bindings.h Line: 43)

Error sending client seen new collision update: timed out locally
 
(Filename: C:\buildslave\unity\build\Runtime/Export/Debug.bindings.h Line: 43)

Error sending client seen new collision update: timed out locally
 
(Filename: C:\buildslave\unity\build\Runtime/Export/Debug.bindings.h Line: 43)

Error sending client seen new collision update: timed out locally
 
(Filename: C:\buildslave\unity\build\Runtime/Export/Debug.bindings.h Line: 43)

Error sending client seen new collision update: timed out locally
 
(Filename: C:\buildslave\unity\build\Runtime/Export/Debug.bindings.h Line: 43)

Error sending client seen new collision update: timed out locally
 
(Filename: C:\buildslave\unity\build\Runtime/Export/Debug.bindings.h Line: 43)

Error sending client seen new collision update: timed out locally
 
(Filename: C:\buildslave\unity\build\Runtime/Export/Debug.bindings.h Line: 43)

Error sending client seen new collision update: timed out locally
 
(Filename: C:\buildslave\unity\build\Runtime/Export/Debug.bindings.h Line: 43)

Error sending client seen new collision update: timed out locally
 
(Filename: C:\buildslave\unity\build\Runtime/Export/Debug.bindings.h Line: 43)

Error sending client seen new collision update: timed out locally
 
(Filename: C:\buildslave\unity\build\Runtime/Export/Debug.bindings.h Line: 43)

Error sending client seen new collision update: timed out locally
 
(Filename: C:\buildslave\unity\build\Runtime/Export/Debug.bindings.h Line: 43)

Error sending client seen new collision update: timed out locally
 
(Filename: C:\buildslave\unity\build\Runtime/Export/Debug.bindings.h Line: 43)

Error sending client seen new collision update: timed out locally
 
(Filename: C:\buildslave\unity\build\Runtime/Export/Debug.bindings.h Line: 43)

Error sending client seen new collision update: timed out locally
 
(Filename: C:\buildslave\unity\build\Runtime/Export/Debug.bindings.h Line: 43)

Error sending client seen new collision update: timed out locally
 
(Filename: C:\buildslave\unity\build\Runtime/Export/Debug.bindings.h Line: 43)

Error sending client seen new collision update: timed out locally
 
(Filename: C:\buildslave\unity\build\Runtime/Export/Debug.bindings.h Line: 43)

Error sending client seen new collision update: timed out locally
 
(Filename: C:\buildslave\unity\build\Runtime/Export/Debug.bindings.h Line: 43)

Error sending client seen new collision update: timed out locally
 
(Filename: C:\buildslave\unity\build\Runtime/Export/Debug.bindings.h Line: 43)

Error sending client seen new collision update: timed out locally
 
(Filename: C:\buildslave\unity\build\Runtime/Export/Debug.bindings.h Line: 43)

Error sending client seen new collision update: timed out locally
 
(Filename: C:\buildslave\unity\build\Runtime/Export/Debug.bindings.h Line: 43)

Error sending client seen new collision update: timed out locally
 
(Filename: C:\buildslave\unity\build\Runtime/Export/Debug.bindings.h Line: 43)

Error sending client seen new collision update: timed out locally
 
(Filename: C:\buildslave\unity\build\Runtime/Export/Debug.bindings.h Line: 43)

Error sending client seen new collision update: timed out locally
 
(Filename: C:\buildslave\unity\build\Runtime/Export/Debug.bindings.h Line: 43)

Error sending client seen new collision update: timed out locally
 
(Filename: C:\buildslave\unity\build\Runtime/Export/Debug.bindings.h Line: 43)

Error sending client seen new collision update: timed out locally
 
(Filename: C:\buildslave\unity\build\Runtime/Export/Debug.bindings.h Line: 43)

Error sending client seen new collision update: timed out locally
 
(Filename: C:\buildslave\unity\build\Runtime/Export/Debug.bindings.h Line: 43)

Error sending client seen new collision update: timed out locally
 
(Filename: C:\buildslave\unity\build\Runtime/Export/Debug.bindings.h Line: 43)

Error sending client seen new collision update: timed out locally
 
(Filename: C:\buildslave\unity\build\Runtime/Export/Debug.bindings.h Line: 43)

Error sending client seen new collision update: timed out locally
 
(Filename: C:\buildslave\unity\build\Runtime/Export/Debug.bindings.h Line: 43)

Error sending client seen new collision update: timed out locally
 
(Filename: C:\buildslave\unity\build\Runtime/Export/Debug.bindings.h Line: 43)

Error sending client seen new collision update: timed out locally
 
(Filename: C:\buildslave\unity\build\Runtime/Export/Debug.bindings.h Line: 43)

Error sending client seen new collision update: timed out locally
 
(Filename: C:\buildslave\unity\build\Runtime/Export/Debug.bindings.h Line: 43)

Error sending client seen new collision update: timed out locally
 
(Filename: C:\buildslave\unity\build\Runtime/Export/Debug.bindings.h Line: 43)

Error sending client seen new collision update: timed out locally
 
(Filename: C:\buildslave\unity\build\Runtime/Export/Debug.bindings.h Line: 43)

Error sending client seen new collision update: timed out locally
 
(Filename: C:\buildslave\unity\build\Runtime/Export/Debug.bindings.h Line: 43)

Error sending client seen new collision update: timed out locally
 
(Filename: C:\buildslave\unity\build\Runtime/Export/Debug.bindings.h Line: 43)

Error sending client seen new collision update: timed out locally
 
(Filename: C:\buildslave\unity\build\Runtime/Export/Debug.bindings.h Line: 43)

Error sending client seen new collision update: timed out locally
 
(Filename: C:\buildslave\unity\build\Runtime/Export/Debug.bindings.h Line: 43)

Error sending client seen new collision update: timed out locally
 
(Filename: C:\buildslave\unity\build\Runtime/Export/Debug.bindings.h Line: 43)

Error sending client seen new collision update: timed out locally
 
(Filename: C:\buildslave\unity\build\Runtime/Export/Debug.bindings.h Line: 43)

Error sending client seen new collision update: timed out locally
 
(Filename: C:\buildslave\unity\build\Runtime/Export/Debug.bindings.h Line: 43)

Error sending client seen new collision update: timed out locally
 
(Filename: C:\buildslave\unity\build\Runtime/Export/Debug.bindings.h Line: 43)

Error sending client seen new collision update: timed out locally
 
(Filename: C:\buildslave\unity\build\Runtime/Export/Debug.bindings.h Line: 43)

Error sending client seen new collision update: timed out locally
 
(Filename: C:\buildslave\unity\build\Runtime/Export/Debug.bindings.h Line: 43)

Error sending client seen new collision update: timed out locally
 
(Filename: C:\buildslave\unity\build\Runtime/Export/Debug.bindings.h Line: 43)

Error sending client seen new collision update: timed out locally
 
(Filename: C:\buildslave\unity\build\Runtime/Export/Debug.bindings.h Line: 43)

Error sending client seen new collision update: timed out locally
 
(Filename: C:\buildslave\unity\build\Runtime/Export/Debug.bindings.h Line: 43)

Error sending client seen new collision update: timed out locally
 
(Filename: C:\buildslave\unity\build\Runtime/Export/Debug.bindings.h Line: 43)

Error sending client seen new collision update: timed out locally
 
(Filename: C:\buildslave\unity\build\Runtime/Export/Debug.bindings.h Line: 43)

Error sending client seen new collision update: timed out locally
 
(Filename: C:\buildslave\unity\build\Runtime/Export/Debug.bindings.h Line: 43)

Error sending client seen new collision update: timed out locally
 
(Filename: C:\buildslave\unity\build\Runtime/Export/Debug.bindings.h Line: 43)

Error sending client seen new collision update: timed out locally
 
(Filename: C:\buildslave\unity\build\Runtime/Export/Debug.bindings.h Line: 43)

Error sending client seen new collision update: timed out locally
 
(Filename: C:\buildslave\unity\build\Runtime/Export/Debug.bindings.h Line: 43)

Error sending client seen new collision update: timed out locally
 
(Filename: C:\buildslave\unity\build\Runtime/Export/Debug.bindings.h Line: 43)

Error sending client seen new collision update: timed out locally
 
(Filename: C:\buildslave\unity\build\Runtime/Export/Debug.bindings.h Line: 43)

Error sending client seen new collision update: timed out locally
 
(Filename: C:\buildslave\unity\build\Runtime/Export/Debug.bindings.h Line: 43)

Error sending client seen new collision update: timed out locally
 
(Filename: C:\buildslave\unity\build\Runtime/Export/Debug.bindings.h Line: 43)

Error sending client seen new collision update: timed out locally
 
(Filename: C:\buildslave\unity\build\Runtime/Export/Debug.bindings.h Line: 43)

Error sending client seen new collision update: timed out locally
 
(Filename: C:\buildslave\unity\build\Runtime/Export/Debug.bindings.h Line: 43)

Error sending client seen new collision update: timed out locally
 
(Filename: C:\buildslave\unity\build\Runtime/Export/Debug.bindings.h Line: 43)

Error sending client seen new collision update: timed out locally
 
(Filename: C:\buildslave\unity\build\Runtime/Export/Debug.bindings.h Line: 43)

Error sending client seen new collision update: timed out locally
 
(Filename: C:\buildslave\unity\build\Runtime/Export/Debug.bindings.h Line: 43)

Error sending client seen new collision update: timed out locally
 
(Filename: C:\buildslave\unity\build\Runtime/Export/Debug.bindings.h Line: 43)

Error sending client seen new collision update: timed out locally
 
(Filename: C:\buildslave\unity\build\Runtime/Export/Debug.bindings.h Line: 43)

Error sending client seen new collision update: timed out locally
 
(Filename: C:\buildslave\unity\build\Runtime/Export/Debug.bindings.h Line: 43)

Error sending client seen new collision update: timed out locally
 
(Filename: C:\buildslave\unity\build\Runtime/Export/Debug.bindings.h Line: 43)

Error sending client seen new collision update: timed out locally
 
(Filename: C:\buildslave\unity\build\Runtime/Export/Debug.bindings.h Line: 43)

Error sending client seen new collision update: timed out locally
 
(Filename: C:\buildslave\unity\build\Runtime/Export/Debug.bindings.h Line: 43)

Error sending client seen new collision update: timed out locally
 
(Filename: C:\buildslave\unity\build\Runtime/Export/Debug.bindings.h Line: 43)

Error sending client seen new collision update: timed out locally
 
(Filename: C:\buildslave\unity\build\Runtime/Export/Debug.bindings.h Line: 43)

Error sending client seen new collision update: timed out locally
 
(Filename: C:\buildslave\unity\build\Runtime/Export/Debug.bindings.h Line: 43)

Error sending client seen new collision update: timed out locally
 
(Filename: C:\buildslave\unity\build\Runtime/Export/Debug.bindings.h Line: 43)

Error sending client seen new collision update: timed out locally
 
(Filename: C:\buildslave\unity\build\Runtime/Export/Debug.bindings.h Line: 43)

Error sending client seen new collision update: timed out locally
 
(Filename: C:\buildslave\unity\build\Runtime/Export/Debug.bindings.h Line: 43)

Error sending client seen new collision update: timed out locally
 
(Filename: C:\buildslave\unity\build\Runtime/Export/Debug.bindings.h Line: 43)

Error sending client seen new collision update: timed out locally
 
(Filename: C:\buildslave\unity\build\Runtime/Export/Debug.bindings.h Line: 43)

Error sending client seen new collision update: timed out locally
 
(Filename: C:\buildslave\unity\build\Runtime/Export/Debug.bindings.h Line: 43)

Error sending client seen new collision update: timed out locally
 
(Filename: C:\buildslave\unity\build\Runtime/Export/Debug.bindings.h Line: 43)

Error sending client seen new collision update: timed out locally
 
(Filename: C:\buildslave\unity\build\Runtime/Export/Debug.bindings.h Line: 43)

Error sending client seen new collision update: timed out locally
 
(Filename: C:\buildslave\unity\build\Runtime/Export/Debug.bindings.h Line: 43)

Error sending client seen new collision update: timed out locally
 
(Filename: C:\buildslave\unity\build\Runtime/Export/Debug.bindings.h Line: 43)

Error sending client seen new collision update: timed out locally
 
(Filename: C:\buildslave\unity\build\Runtime/Export/Debug.bindings.h Line: 43)

Error sending client seen new collision update: timed out locally
 
(Filename: C:\buildslave\unity\build\Runtime/Export/Debug.bindings.h Line: 43)

Error sending client seen new collision update: timed out locally
 
(Filename: C:\buildslave\unity\build\Runtime/Export/Debug.bindings.h Line: 43)

Error sending client seen new collision update: timed out locally
 
(Filename: C:\buildslave\unity\build\Runtime/Export/Debug.bindings.h Line: 43)

Error sending client seen new collision update: timed out locally
 
(Filename: C:\buildslave\unity\build\Runtime/Export/Debug.bindings.h Line: 43)

Error sending client seen new collision update: timed out locally
 
(Filename: C:\buildslave\unity\build\Runtime/Export/Debug.bindings.h Line: 43)

Error sending client seen new collision update: timed out locally
 
(Filename: C:\buildslave\unity\build\Runtime/Export/Debug.bindings.h Line: 43)

Error sending client seen new collision update: timed out locally
 
(Filename: C:\buildslave\unity\build\Runtime/Export/Debug.bindings.h Line: 43)

Error sending client seen new collision update: timed out locally
 
(Filename: C:\buildslave\unity\build\Runtime/Export/Debug.bindings.h Line: 43)

Error sending client seen new collision update: timed out locally
 
(Filename: C:\buildslave\unity\build\Runtime/Export/Debug.bindings.h Line: 43)

Error sending client seen new collision update: timed out locally
 
(Filename: C:\buildslave\unity\build\Runtime/Export/Debug.bindings.h Line: 43)

Error sending client seen new collision update: timed out locally
 
(Filename: C:\buildslave\unity\build\Runtime/Export/Debug.bindings.h Line: 43)

Error sending client seen new collision update: timed out locally
 
(Filename: C:\buildslave\unity\build\Runtime/Export/Debug.bindings.h Line: 43)

Error sending client seen new collision update: timed out locally
 
(Filename: C:\buildslave\unity\build\Runtime/Export/Debug.bindings.h Line: 43)

Error sending client seen new collision update: timed out locally
 
(Filename: C:\buildslave\unity\build\Runtime/Export/Debug.bindings.h Line: 43)

Error sending client seen new collision update: timed out locally
 
(Filename: C:\buildslave\unity\build\Runtime/Export/Debug.bindings.h Line: 43)

Error sending client seen new collision update: timed out locally
 
(Filename: C:\buildslave\unity\build\Runtime/Export/Debug.bindings.h Line: 43)

Error sending client seen new collision update: timed out locally
 
(Filename: C:\buildslave\unity\build\Runtime/Export/Debug.bindings.h Line: 43)

Error sending client seen new collision update: timed out locally
 
(Filename: C:\buildslave\unity\build\Runtime/Export/Debug.bindings.h Line: 43)

Error sending client seen new collision update: timed out locally
 
(Filename: C:\buildslave\unity\build\Runtime/Export/Debug.bindings.h Line: 43)

Error sending client seen new collision update: timed out locally
 
(Filename: C:\buildslave\unity\build\Runtime/Export/Debug.bindings.h Line: 43)

Error sending client seen new collision update: timed out locally
 
(Filename: C:\buildslave\unity\build\Runtime/Export/Debug.bindings.h Line: 43)

Error sending client seen new collision update: timed out locally
 
(Filename: C:\buildslave\unity\build\Runtime/Export/Debug.bindings.h Line: 43)

Error sending client seen new collision update: timed out locally
 
(Filename: C:\buildslave\unity\build\Runtime/Export/Debug.bindings.h Line: 43)

Error sending client seen new collision update: timed out locally
 
(Filename: C:\buildslave\unity\build\Runtime/Export/Debug.bindings.h Line: 43)

Error sending client seen new collision update: timed out locally
 
(Filename: C:\buildslave\unity\build\Runtime/Export/Debug.bindings.h Line: 43)

Error sending client seen new collision update: timed out locally
 
(Filename: C:\buildslave\unity\build\Runtime/Export/Debug.bindings.h Line: 43)

Error sending client seen new collision update: timed out locally
 
(Filename: C:\buildslave\unity\build\Runtime/Export/Debug.bindings.h Line: 43)

Error sending client seen new collision update: timed out locally
 
(Filename: C:\buildslave\unity\build\Runtime/Export/Debug.bindings.h Line: 43)

Error sending client seen new collision update: timed out locally
 
(Filename: C:\buildslave\unity\build\Runtime/Export/Debug.bindings.h Line: 43)

Error sending client seen new collision update: timed out locally
 
(Filename: C:\buildslave\unity\build\Runtime/Export/Debug.bindings.h Line: 43)

Error sending client seen new collision update: timed out locally
 
(Filename: C:\buildslave\unity\build\Runtime/Export/Debug.bindings.h Line: 43)

Error sending client seen new collision update: timed out locally
 
(Filename: C:\buildslave\unity\build\Runtime/Export/Debug.bindings.h Line: 43)

Error sending client seen new collision update: timed out locally
 
(Filename: C:\buildslave\unity\build\Runtime/Export/Debug.bindings.h Line: 43)

Error sending client seen new collision update: timed out locally
 
(Filename: C:\buildslave\unity\build\Runtime/Export/Debug.bindings.h Line: 43)

Error sending client seen new collision update: timed out locally
 
(Filename: C:\buildslave\unity\build\Runtime/Export/Debug.bindings.h Line: 43)

Error sending client seen new collision update: timed out locally
 
(Filename: C:\buildslave\unity\build\Runtime/Export/Debug.bindings.h Line: 43)

Error sending client seen new collision update: timed out locally
 
(Filename: C:\buildslave\unity\build\Runtime/Export/Debug.bindings.h Line: 43)

Error sending client seen new collision update: timed out locally
 
(Filename: C:\buildslave\unity\build\Runtime/Export/Debug.bindings.h Line: 43)

Error sending client seen new collision update: timed out locally
 
(Filename: C:\buildslave\unity\build\Runtime/Export/Debug.bindings.h Line: 43)

Error sending client seen new collision update: timed out locally
 
(Filename: C:\buildslave\unity\build\Runtime/Export/Debug.bindings.h Line: 43)

Error sending client seen new collision update: timed out locally
 
(Filename: C:\buildslave\unity\build\Runtime/Export/Debug.bindings.h Line: 43)

Error sending client seen new collision update: timed out locally
 
(Filename: C:\buildslave\unity\build\Runtime/Export/Debug.bindings.h Line: 43)

Error sending client seen new collision update: timed out locally
 
(Filename: C:\buildslave\unity\build\Runtime/Export/Debug.bindings.h Line: 43)

Error sending client seen new collision update: timed out locally
 
(Filename: C:\buildslave\unity\build\Runtime/Export/Debug.bindings.h Line: 43)

Error sending client seen new collision update: timed out locally
 
(Filename: C:\buildslave\unity\build\Runtime/Export/Debug.bindings.h Line: 43)

Error sending client seen new collision update: timed out locally
 
(Filename: C:\buildslave\unity\build\Runtime/Export/Debug.bindings.h Line: 43)

Error sending client seen new collision update: timed out locally
 
(Filename: C:\buildslave\unity\build\Runtime/Export/Debug.bindings.h Line: 43)

Error sending client seen new collision update: timed out locally
 
(Filename: C:\buildslave\unity\build\Runtime/Export/Debug.bindings.h Line: 43)

Error sending client seen new collision update: timed out locally
 
(Filename: C:\buildslave\unity\build\Runtime/Export/Debug.bindings.h Line: 43)

Error sending client seen new collision update: timed out locally
 
(Filename: C:\buildslave\unity\build\Runtime/Export/Debug.bindings.h Line: 43)

Error sending client seen new collision update: timed out locally
 
(Filename: C:\buildslave\unity\build\Runtime/Export/Debug.bindings.h Line: 43)

Error sending client seen new collision update: timed out locally
 
(Filename: C:\buildslave\unity\build\Runtime/Export/Debug.bindings.h Line: 43)

Error sending client seen new collision update: timed out locally
 
(Filename: C:\buildslave\unity\build\Runtime/Export/Debug.bindings.h Line: 43)

Error sending client seen new collision update: timed out locally
 
(Filename: C:\buildslave\unity\build\Runtime/Export/Debug.bindings.h Line: 43)

Error sending client seen new collision update: timed out locally
 
(Filename: C:\buildslave\unity\build\Runtime/Export/Debug.bindings.h Line: 43)

Error sending client seen new collision update: timed out locally
 
(Filename: C:\buildslave\unity\build\Runtime/Export/Debug.bindings.h Line: 43)

Error sending client seen new collision update: timed out locally
 
(Filename: C:\buildslave\unity\build\Runtime/Export/Debug.bindings.h Line: 43)

Error sending client seen new collision update: timed out locally
 
(Filename: C:\buildslave\unity\build\Runtime/Export/Debug.bindings.h Line: 43)

Error sending client seen new collision update: timed out locally
 
(Filename: C:\buildslave\unity\build\Runtime/Export/Debug.bindings.h Line: 43)

Error sending client seen new collision update: timed out locally
 
(Filename: C:\buildslave\unity\build\Runtime/Export/Debug.bindings.h Line: 43)

Error sending client seen new collision update: timed out locally
 
(Filename: C:\buildslave\unity\build\Runtime/Export/Debug.bindings.h Line: 43)

Error sending client seen new collision update: timed out locally
 
(Filename: C:\buildslave\unity\build\Runtime/Export/Debug.bindings.h Line: 43)

Error sending client seen new collision update: timed out locally
 
(Filename: C:\buildslave\unity\build\Runtime/Export/Debug.bindings.h Line: 43)

Error sending client seen new collision update: timed out locally
 
(Filename: C:\buildslave\unity\build\Runtime/Export/Debug.bindings.h Line: 43)

Error sending client seen new collision update: timed out locally
 
(Filename: C:\buildslave\unity\build\Runtime/Export/Debug.bindings.h Line: 43)

Error sending client seen new collision update: timed out locally
 
(Filename: C:\buildslave\unity\build\Runtime/Export/Debug.bindings.h Line: 43)

Error sending client seen new collision update: timed out locally
 
(Filename: C:\buildslave\unity\build\Runtime/Export/Debug.bindings.h Line: 43)

Error sending client seen new collision update: timed out locally
 
(Filename: C:\buildslave\unity\build\Runtime/Export/Debug.bindings.h Line: 43)

Error sending client seen new collision update: timed out locally
 
(Filename: C:\buildslave\unity\build\Runtime/Export/Debug.bindings.h Line: 43)

Error sending client seen new collision update: timed out locally
 
(Filename: C:\buildslave\unity\build\Runtime/Export/Debug.bindings.h Line: 43)

Error sending client seen new collision update: timed out locally
 
(Filename: C:\buildslave\unity\build\Runtime/Export/Debug.bindings.h Line: 43)

Error sending client seen new collision update: timed out locally
 
(Filename: C:\buildslave\unity\build\Runtime/Export/Debug.bindings.h Line: 43)

Error sending client seen new collision update: timed out locally
 
(Filename: C:\buildslave\unity\build\Runtime/Export/Debug.bindings.h Line: 43)

Error sending client seen new collision update: timed out locally
 
(Filename: C:\buildslave\unity\build\Runtime/Export/Debug.bindings.h Line: 43)

Error sending client seen new collision update: timed out locally
 
(Filename: C:\buildslave\unity\build\Runtime/Export/Debug.bindings.h Line: 43)

Error sending client seen new collision update: timed out locally
 
(Filename: C:\buildslave\unity\build\Runtime/Export/Debug.bindings.h Line: 43)

Error sending client seen new collision update: timed out locally
 
(Filename: C:\buildslave\unity\build\Runtime/Export/Debug.bindings.h Line: 43)

Error sending client seen new collision update: timed out locally
 
(Filename: C:\buildslave\unity\build\Runtime/Export/Debug.bindings.h Line: 43)

Error sending client seen new collision update: timed out locally
 
(Filename: C:\buildslave\unity\build\Runtime/Export/Debug.bindings.h Line: 43)

Error sending client seen new collision update: timed out locally
 
(Filename: C:\buildslave\unity\build\Runtime/Export/Debug.bindings.h Line: 43)

Error sending client seen new collision update: timed out locally
 
(Filename: C:\buildslave\unity\build\Runtime/Export/Debug.bindings.h Line: 43)

Error sending client seen new collision update: timed out locally
 
(Filename: C:\buildslave\unity\build\Runtime/Export/Debug.bindings.h Line: 43)

Error sending client seen new collision update: timed out locally
 
(Filename: C:\buildslave\unity\build\Runtime/Export/Debug.bindings.h Line: 43)

Error sending client seen new collision update: timed out locally
 
(Filename: C:\buildslave\unity\build\Runtime/Export/Debug.bindings.h Line: 43)

Error sending client seen new collision update: timed out locally
 
(Filename: C:\buildslave\unity\build\Runtime/Export/Debug.bindings.h Line: 43)

Error sending client seen new collision update: timed out locally
 
(Filename: C:\buildslave\unity\build\Runtime/Export/Debug.bindings.h Line: 43)

Error sending client seen new collision update: timed out locally
 
(Filename: C:\buildslave\unity\build\Runtime/Export/Debug.bindings.h Line: 43)

Error sending client seen new collision update: timed out locally
 
(Filename: C:\buildslave\unity\build\Runtime/Export/Debug.bindings.h Line: 43)

Error sending client seen new collision update: timed out locally
 
(Filename: C:\buildslave\unity\build\Runtime/Export/Debug.bindings.h Line: 43)

Error sending client seen new collision update: timed out locally
 
(Filename: C:\buildslave\unity\build\Runtime/Export/Debug.bindings.h Line: 43)

Error sending client seen new collision update: timed out locally
 
(Filename: C:\buildslave\unity\build\Runtime/Export/Debug.bindings.h Line: 43)

Error sending client seen new collision update: timed out locally
 
(Filename: C:\buildslave\unity\build\Runtime/Export/Debug.bindings.h Line: 43)

Error sending client seen new collision update: timed out locally
 
(Filename: C:\buildslave\unity\build\Runtime/Export/Debug.bindings.h Line: 43)

Error sending client seen new collision update: timed out locally
 
(Filename: C:\buildslave\unity\build\Runtime/Export/Debug.bindings.h Line: 43)

Error sending client seen new collision update: timed out locally
 
(Filename: C:\buildslave\unity\build\Runtime/Export/Debug.bindings.h Line: 43)

Error sending client seen new collision update: timed out locally
 
(Filename: C:\buildslave\unity\build\Runtime/Export/Debug.bindings.h Line: 43)

Error sending client seen new collision update: timed out locally
 
(Filename: C:\buildslave\unity\build\Runtime/Export/Debug.bindings.h Line: 43)

Error sending client seen new collision update: timed out locally
 
(Filename: C:\buildslave\unity\build\Runtime/Export/Debug.bindings.h Line: 43)

Error sending client seen new collision update: timed out locally
 
(Filename: C:\buildslave\unity\build\Runtime/Export/Debug.bindings.h Line: 43)

Error sending client seen new collision update: timed out locally
 
(Filename: C:\buildslave\unity\build\Runtime/Export/Debug.bindings.h Line: 43)

Error sending client seen new collision update: timed out locally
 
(Filename: C:\buildslave\unity\build\Runtime/Export/Debug.bindings.h Line: 43)

Error sending client seen new collision update: timed out locally
 
(Filename: C:\buildslave\unity\build\Runtime/Export/Debug.bindings.h Line: 43)

Error sending client seen new collision update: timed out locally
 
(Filename: C:\buildslave\unity\build\Runtime/Export/Debug.bindings.h Line: 43)

Error sending client seen new collision update: timed out locally
 
(Filename: C:\buildslave\unity\build\Runtime/Export/Debug.bindings.h Line: 43)

Error sending client seen new collision update: timed out locally
 
(Filename: C:\buildslave\unity\build\Runtime/Export/Debug.bindings.h Line: 43)

Error sending client seen new collision update: timed out locally
 
(Filename: C:\buildslave\unity\build\Runtime/Export/Debug.bindings.h Line: 43)

Error sending client seen new collision update: timed out locally
 
(Filename: C:\buildslave\unity\build\Runtime/Export/Debug.bindings.h Line: 43)

Error sending client seen new collision update: timed out locally
 
(Filename: C:\buildslave\unity\build\Runtime/Export/Debug.bindings.h Line: 43)

Error sending client seen new collision update: timed out locally
 
(Filename: C:\buildslave\unity\build\Runtime/Export/Debug.bindings.h Line: 43)

Error sending client seen new collision update: timed out locally
 
(Filename: C:\buildslave\unity\build\Runtime/Export/Debug.bindings.h Line: 43)

Error sending client seen new collision update: timed out locally
 
(Filename: C:\buildslave\unity\build\Runtime/Export/Debug.bindings.h Line: 43)

Error sending client seen new collision update: timed out locally
 
(Filename: C:\buildslave\unity\build\Runtime/Export/Debug.bindings.h Line: 43)

Error sending client seen new collision update: timed out locally
 
(Filename: C:\buildslave\unity\build\Runtime/Export/Debug.bindings.h Line: 43)

Error sending client seen new collision update: timed out locally
 
(Filename: C:\buildslave\unity\build\Runtime/Export/Debug.bindings.h Line: 43)

Error sending client seen new collision update: timed out locally
 
(Filename: C:\buildslave\unity\build\Runtime/Export/Debug.bindings.h Line: 43)

Error sending client seen new collision update: timed out locally
 
(Filename: C:\buildslave\unity\build\Runtime/Export/Debug.bindings.h Line: 43)

Error sending client seen new collision update: timed out locally
 
(Filename: C:\buildslave\unity\build\Runtime/Export/Debug.bindings.h Line: 43)

Error sending client seen new collision update: timed out locally
 
(Filename: C:\buildslave\unity\build\Runtime/Export/Debug.bindings.h Line: 43)

Error sending client seen new collision update: timed out locally
 
(Filename: C:\buildslave\unity\build\Runtime/Export/Debug.bindings.h Line: 43)

Error sending client seen new collision update: timed out locally
 
(Filename: C:\buildslave\unity\build\Runtime/Export/Debug.bindings.h Line: 43)

Error sending client seen new collision update: timed out locally
 
(Filename: C:\buildslave\unity\build\Runtime/Export/Debug.bindings.h Line: 43)

Error sending client seen new collision update: timed out locally
 
(Filename: C:\buildslave\unity\build\Runtime/Export/Debug.bindings.h Line: 43)

Error sending client seen new collision update: timed out locally
 
(Filename: C:\buildslave\unity\build\Runtime/Export/Debug.bindings.h Line: 43)

Error sending client seen new collision update: timed out locally
 
(Filename: C:\buildslave\unity\build\Runtime/Export/Debug.bindings.h Line: 43)

Error sending client seen new collision update: timed out locally
 
(Filename: C:\buildslave\unity\build\Runtime/Export/Debug.bindings.h Line: 43)

Error sending client seen new collision update: timed out locally
 
(Filename: C:\buildslave\unity\build\Runtime/Export/Debug.bindings.h Line: 43)

Application Quit
 
(Filename: C:\buildslave\unity\build\Runtime/Export/Debug.bindings.h Line: 43)

No text
 
(Filename: C:\buildslave\unity\build\Runtime/Export/Debug.bindings.h Line: 43)

